0 info it worked if it ends with ok
1 verbose cli [ 'node', '/usr/local/bin/npm', 'run', 'frontend' ]
2 info using npm@2.13.1
3 info using node@v0.12.0
4 verbose run-script [ 'prefrontend', 'frontend', 'postfrontend' ]
5 info prefrontend node-weatherapp@1.0.0
6 info frontend node-weatherapp@1.0.0
7 verbose unsafe-perm in lifecycle true
8 info node-weatherapp@1.0.0 Failed to exec frontend script
9 verbose stack Error: node-weatherapp@1.0.0 frontend: `node ./weather-frontent/bin/www`
9 verbose stack Exit status 1
9 verbose stack     at EventEmitter.<anonymous> (/usr/local/lib/node_modules/npm/lib/utils/lifecycle.js:214:16)
9 verbose stack     at EventEmitter.emit (events.js:110:17)
9 verbose stack     at ChildProcess.<anonymous> (/usr/local/lib/node_modules/npm/lib/utils/spawn.js:24:14)
9 verbose stack     at ChildProcess.emit (events.js:110:17)
9 verbose stack     at maybeClose (child_process.js:1008:16)
9 verbose stack     at Process.ChildProcess._handle.onexit (child_process.js:1080:5)
10 verbose pkgid node-weatherapp@1.0.0
11 verbose cwd /Users/cwat-dkhan/CodeCitchen/node-weatherapp
12 error Darwin 14.4.0
13 error argv "node" "/usr/local/bin/npm" "run" "frontend"
14 error node v0.12.0
15 error npm  v2.13.1
16 error code ELIFECYCLE
17 error node-weatherapp@1.0.0 frontend: `node ./weather-frontent/bin/www`
17 error Exit status 1
18 error Failed at the node-weatherapp@1.0.0 frontend script 'node ./weather-frontent/bin/www'.
18 error This is most likely a problem with the node-weatherapp package,
18 error not with npm itself.
18 error Tell the author that this fails on your system:
18 error     node ./weather-frontent/bin/www
18 error You can get their info via:
18 error     npm owner ls node-weatherapp
18 error There is likely additional logging output above.
19 verbose exit [ 1, true ]
